<?xml version="1.0" encoding="UTF-8"?>
<!-- Generated by org.testng.reporters.JUnitXMLReporter -->
<testsuite hostname="Firas-PC" name="Test" tests="3" failures="3" timestamp="13 Jul 2016 12:54:14 GMT" time="7.005" errors="0">
  <testcase name="testYoutube" time="0.011" classname="module1.NewTest">
    <failure type="java.lang.NullPointerException">
      <![CDATA[java.lang.NullPointerException
	at module1.NewTest.testYoutube(NewTest.java:34)
... Removed 24 stack frames]]>
    </failure>
  </testcase> <!-- testYoutube -->
  <testcase name="Test1" time="6.939" classname="module1.NewTest">
    <failure type="java.lang.AssertionError" message="wrong password expected [true] but found [false]">
      <![CDATA[java.lang.AssertionError: wrong password expected [true] but found [false]
	at module1.NewTest.Test1(NewTest.java:59)
... Removed 27 stack frames]]>
    </failure>
  </testcase> <!-- Test1 -->
  <testcase name="TestSetting" time="0.033" classname="module1.NewTest">
    <failure type="java.lang.AssertionError" message="expected [true] but found [false]">
      <![CDATA[java.lang.AssertionError: expected [true] but found [false]
	at module1.NewTest.TestSetting(NewTest.java:95)
... Removed 28 stack frames]]>
    </failure>
  </testcase> <!-- TestSetting -->
</testsuite> <!-- Test -->
